21:38:13.843 [main] INFO  server.ServerLogger [INFO ] - Starting TCP Server...
21:38:13.849 [Thread-0] INFO  server.ServerLogger [INFO ] - TCP Server started on port 8585
21:38:13.849 [Thread-0] INFO  server.ServerLogger [INFO ] - Waiting for new connections...
21:39:01.362 [Thread-0] INFO  server.ServerLogger [INFO ] - New connection from /127.0.0.1
21:39:01.363 [Thread-0] INFO  server.ServerLogger [INFO ] - Handling client request...
21:40:59.815 [Thread-0] ERROR server.ServerLogger [ERROR] - Error handling client request: null
21:40:59.819 [Thread-0] INFO  server.ServerLogger [INFO ] - Waiting for new connections...
21:41:04.687 [Thread-0] INFO  server.ServerLogger [INFO ] - New connection from /127.0.0.1
21:41:04.689 [Thread-0] INFO  server.ServerLogger [INFO ] - Handling client request...
21:42:54.412 [Thread-0] ERROR server.ServerLogger [ERROR] - Error handling client request: null
21:42:54.415 [Thread-0] INFO  server.ServerLogger [INFO ] - Waiting for new connections...
21:42:59.042 [Thread-0] INFO  server.ServerLogger [INFO ] - New connection from /127.0.0.1
21:42:59.044 [Thread-0] INFO  server.ServerLogger [INFO ] - Handling client request...
21:43:37.722 [Thread-0] INFO  server.ServerLogger [INFO ] - TCP Server socket closed
21:51:47.160 [main] INFO  server.ServerLogger [INFO ] - Starting TCP Server...
21:51:47.165 [Thread-0] INFO  server.ServerLogger [INFO ] - TCP Server started on port 8585
21:51:47.165 [Thread-0] INFO  server.ServerLogger [INFO ] - Waiting for new connections...
21:51:54.017 [Thread-0] INFO  server.ServerLogger [INFO ] - New connection from /127.0.0.1
21:51:54.017 [Thread-0] INFO  server.ServerLogger [INFO ] - Handling client request...
21:52:01.323 [Thread-0] INFO  server.ServerLogger [INFO ] - TCP Server socket closed
21:52:12.637 [main] INFO  server.ServerLogger [INFO ] - Starting TCP Server...
21:52:12.641 [Thread-0] INFO  server.ServerLogger [INFO ] - TCP Server started on port 8585
21:52:12.641 [Thread-0] INFO  server.ServerLogger [INFO ] - Waiting for new connections...
21:52:15.355 [Thread-0] INFO  server.ServerLogger [INFO ] - New connection from /127.0.0.1
21:52:15.356 [Thread-0] INFO  server.ServerLogger [INFO ] - Handling client request...
21:52:21.166 [Thread-0] INFO  server.ServerLogger [INFO ] - TCP Server socket closed
